<?xml version="1.0" encoding="UTF-8"?>
<testng-results skipped="0" failed="0" ignored="0" total="1" passed="1">
  <reporter-output>
    <line>
      <![CDATA[HomePage is Displayed]]>
    </line>
    <line>
      <![CDATA[pass]]>
    </line>
  </reporter-output>
  <suite name="Default suite" duration-ms="29189" started-at="2019-11-11T13:58:21 IST" finished-at="2019-11-11T13:58:50 IST">
    <groups>
    </groups>
    <test name="Default test" duration-ms="29189" started-at="2019-11-11T13:58:21 IST" finished-at="2019-11-11T13:58:50 IST">
      <class name="com.frameworks.testpom.Login">
        <test-method status="PASS" signature="openApp()[pri:0, instance:com.frameworks.testpom.Login@76707e36]" name="openApp" is-config="true" duration-ms="26271" started-at="2019-11-11T13:58:21 IST" finished-at="2019-11-11T13:58:47 IST">
          <reporter-output>
          </reporter-output>
        </test-method> <!-- openApp -->
        <test-method status="PASS" signature="validLogin()[pri:0, instance:com.frameworks.testpom.Login@76707e36]" name="validLogin" duration-ms="686" started-at="2019-11-11T13:58:47 IST" finished-at="2019-11-11T13:58:48 IST">
          <reporter-output>
            <line>
              <![CDATA[HomePage is Displayed]]>
            </line>
          </reporter-output>
        </test-method> <!-- validLogin -->
        <test-method status="PASS" signature="closeApp(org.testng.ITestResult)[pri:0, instance:com.frameworks.testpom.Login@76707e36]" name="closeApp" is-config="true" duration-ms="2130" started-at="2019-11-11T13:58:48 IST" finished-at="2019-11-11T13:58:50 IST">
          <params>
            <param index="0">
              <value>
                <![CDATA[[TestResult name=validLogin status=SUCCESS method=Login.validLogin()[pri:0, instance:com.frameworks.testpom.Login@76707e36] output=HomePage is Displayed]]]>
              </value>
            </param>
          </params>
          <reporter-output>
            <line>
              <![CDATA[pass]]>
            </line>
          </reporter-output>
        </test-method> <!-- closeApp -->
      </class> <!-- com.frameworks.testpom.Login -->
    </test> <!-- Default test -->
  </suite> <!-- Default suite -->
</testng-results>
